Generated at 2013-10-31 17:11:15 +0100
Net::HTTPServerException: remote_file[/Users/bjoern/code/cookbooks/osirix/dmg/OsiriX.dmg - OsiriX] (/Users/bjoern/code/cookbooks/osirix/vendor/cookbooks/dmg/providers/package.rb line 35) had an error: Net::HTTPServerException: 404 "Not Found"
/Users/bjoern/.rbenv/versions/1.9.3-p385/lib/ruby/1.9.1/net/http.rb:2632:in `error!'
/Users/bjoern/code/cookbooks/osirix/vendor/ruby/1.9.1/gems/chef-11.6.2/lib/chef/rest.rb:268:in `block in streaming_request'
/Users/bjoern/code/cookbooks/osirix/vendor/ruby/1.9.1/gems/chef-11.6.2/lib/chef/rest.rb:289:in `retriable_rest_request'
/Users/bjoern/code/cookbooks/osirix/vendor/ruby/1.9.1/gems/chef-11.6.2/lib/chef/rest.rb:244:in `streaming_request'
/Users/bjoern/code/cookbooks/osirix/vendor/ruby/1.9.1/gems/chef-11.6.2/lib/chef/provider/remote_file/http.rb:62:in `fetch'
/Users/bjoern/code/cookbooks/osirix/vendor/ruby/1.9.1/gems/chef-11.6.2/lib/chef/provider/remote_file/content.rb:65:in `grab_file_from_uri'
/Users/bjoern/code/cookbooks/osirix/vendor/ruby/1.9.1/gems/chef-11.6.2/lib/chef/provider/remote_file/content.rb:50:in `try_multiple_sources'
/Users/bjoern/code/cookbooks/osirix/vendor/ruby/1.9.1/gems/chef-11.6.2/lib/chef/provider/remote_file/content.rb:39:in `file_for_provider'
/Users/bjoern/code/cookbooks/osirix/vendor/ruby/1.9.1/gems/chef-11.6.2/lib/chef/file_content_management/content_base.rb:40:in `tempfile'
/Users/bjoern/code/cookbooks/osirix/vendor/ruby/1.9.1/gems/chef-11.6.2/lib/chef/provider/file.rb:386:in `tempfile'
/Users/bjoern/code/cookbooks/osirix/vendor/ruby/1.9.1/gems/chef-11.6.2/lib/chef/provider/file.rb:338:in `do_contents_changes'
/Users/bjoern/code/cookbooks/osirix/vendor/ruby/1.9.1/gems/chef-11.6.2/lib/chef/provider/file.rb:120:in `action_create'
/Users/bjoern/code/cookbooks/osirix/vendor/ruby/1.9.1/gems/chef-11.6.2/lib/chef/provider.rb:114:in `run_action'
/Users/bjoern/code/cookbooks/osirix/vendor/ruby/1.9.1/gems/chef-11.6.2/lib/chef/resource.rb:625:in `run_action'
/Users/bjoern/code/cookbooks/osirix/vendor/ruby/1.9.1/gems/chef-11.6.2/lib/chef/runner.rb:49:in `run_action'
/Users/bjoern/code/cookbooks/osirix/vendor/ruby/1.9.1/gems/chef-11.6.2/lib/chef/runner.rb:81:in `block (2 levels) in converge'
/Users/bjoern/code/cookbooks/osirix/vendor/ruby/1.9.1/gems/chef-11.6.2/lib/chef/runner.rb:81:in `each'
/Users/bjoern/code/cookbooks/osirix/vendor/ruby/1.9.1/gems/chef-11.6.2/lib/chef/runner.rb:81:in `block in converge'
/Users/bjoern/code/cookbooks/osirix/vendor/ruby/1.9.1/gems/chef-11.6.2/lib/chef/resource_collection.rb:98:in `block in execute_each_resource'
/Users/bjoern/code/cookbooks/osirix/vendor/ruby/1.9.1/gems/chef-11.6.2/lib/chef/resource_collection/stepable_iterator.rb:116:in `call'
/Users/bjoern/code/cookbooks/osirix/vendor/ruby/1.9.1/gems/chef-11.6.2/lib/chef/resource_collection/stepable_iterator.rb:116:in `call_iterator_block'
/Users/bjoern/code/cookbooks/osirix/vendor/ruby/1.9.1/gems/chef-11.6.2/lib/chef/resource_collection/stepable_iterator.rb:85:in `step'
/Users/bjoern/code/cookbooks/osirix/vendor/ruby/1.9.1/gems/chef-11.6.2/lib/chef/resource_collection/stepable_iterator.rb:104:in `iterate'
/Users/bjoern/code/cookbooks/osirix/vendor/ruby/1.9.1/gems/chef-11.6.2/lib/chef/resource_collection/stepable_iterator.rb:55:in `each_with_index'
/Users/bjoern/code/cookbooks/osirix/vendor/ruby/1.9.1/gems/chef-11.6.2/lib/chef/resource_collection.rb:96:in `execute_each_resource'
/Users/bjoern/code/cookbooks/osirix/vendor/ruby/1.9.1/gems/chef-11.6.2/lib/chef/runner.rb:80:in `converge'
/Users/bjoern/code/cookbooks/osirix/vendor/ruby/1.9.1/gems/chef-11.6.2/lib/chef/client.rb:429:in `converge'
/Users/bjoern/code/cookbooks/osirix/vendor/ruby/1.9.1/gems/chef-11.6.2/lib/chef/client.rb:494:in `do_run'
/Users/bjoern/code/cookbooks/osirix/vendor/ruby/1.9.1/gems/chef-11.6.2/lib/chef/client.rb:199:in `block in run'
/Users/bjoern/code/cookbooks/osirix/vendor/ruby/1.9.1/gems/chef-11.6.2/lib/chef/client.rb:193:in `fork'
/Users/bjoern/code/cookbooks/osirix/vendor/ruby/1.9.1/gems/chef-11.6.2/lib/chef/client.rb:193:in `run'
/Users/bjoern/code/cookbooks/osirix/vendor/ruby/1.9.1/gems/chef-11.6.2/lib/chef/application.rb:183:in `run_chef_client'
/Users/bjoern/code/cookbooks/osirix/vendor/ruby/1.9.1/gems/chef-11.6.2/lib/chef/application/solo.rb:239:in `block in run_application'
/Users/bjoern/code/cookbooks/osirix/vendor/ruby/1.9.1/gems/chef-11.6.2/lib/chef/application/solo.rb:231:in `loop'
/Users/bjoern/code/cookbooks/osirix/vendor/ruby/1.9.1/gems/chef-11.6.2/lib/chef/application/solo.rb:231:in `run_application'
/Users/bjoern/code/cookbooks/osirix/vendor/ruby/1.9.1/gems/chef-11.6.2/lib/chef/application.rb:66:in `run'
/Users/bjoern/code/cookbooks/osirix/vendor/ruby/1.9.1/gems/chef-11.6.2/bin/chef-solo:25:in `<top (required)>'
/Users/bjoern/code/cookbooks/osirix/bin/chef-solo:16:in `load'
/Users/bjoern/code/cookbooks/osirix/bin/chef-solo:16:in `<main>'